<?xml version="1.0" encoding="UTF-8"?>
<testng-results skipped="2" failed="0" total="2" passed="0">
  <reporter-output>
  </reporter-output>
  <suite name="Webdriver" duration-ms="56646" started-at="2015-10-03T13:08:17Z" finished-at="2015-10-03T13:09:13Z">
    <groups>
    </groups>
    <test name="Bugzila Suite" duration-ms="56646" started-at="2015-10-03T13:08:17Z" finished-at="2015-10-03T13:09:13Z">
      <class name="testcases.module.incentiveprogm.TestActivityIncentiveTemplate">
        <test-method status="FAIL" signature="setUp()[pri:0, instance:testcases.module.incentiveprogm.TestActivityIncentiveTemplate@2686a13f]" name="setUp" is-config="true" duration-ms="0" started-at="2015-10-03T21:08:17Z" finished-at="2015-10-03T21:08:17Z">
          <exception class="org.openqa.selenium.TimeoutException">
            <message>
              <![CDATA[Timed out waiting for page load.
Command duration or timeout: 50.04 seconds
Build info: version: '2.47.1', revision: '411b314', time: '2015-07-30 03:03:16'
System info: host: 'LT-RSR28', ip: '10.61.16.18', os.name: 'Windows 8.1', os.arch: 'amd64', os.version: '6.3', java.version: '1.7.0_75'
Session ID: e5d041de-e595-479e-9ee7-c3ee5e2cbc36
Driver info: org.openqa.selenium.firefox.FirefoxDriver
Capabilities [{platform=WINDOWS, acceptSslCerts=true, javascriptEnabled=true, cssSelectorsEnabled=true, databaseEnabled=true, browserName=firefox, handlesAlerts=true, nativeEvents=false, webStorageEnabled=true, rotatable=false, locationContextEnabled=true, applicationCacheEnabled=true, takesScreenshot=true, version=41.0.1}]]]>
            </message>
            <full-stacktrace>
              <![CDATA[org.openqa.selenium.TimeoutException: Timed out waiting for page load.
Command duration or timeout: 50.04 seconds
Build info: version: '2.47.1', revision: '411b314', time: '2015-07-30 03:03:16'
System info: host: 'LT-RSR28', ip: '10.61.16.18', os.name: 'Windows 8.1', os.arch: 'amd64', os.version: '6.3', java.version: '1.7.0_75'
Session ID: e5d041de-e595-479e-9ee7-c3ee5e2cbc36
Driver info: org.openqa.selenium.firefox.FirefoxDriver
Capabilities [{platform=WINDOWS, acceptSslCerts=true, javascriptEnabled=true, cssSelectorsEnabled=true, databaseEnabled=true, browserName=firefox, handlesAlerts=true, nativeEvents=false, webStorageEnabled=true, rotatable=false, locationContextEnabled=true, applicationCacheEnabled=true, takesScreenshot=true, version=41.0.1}]
	at sun.reflect.NativeConstructorAccessorImpl.newInstance0(Native Method)
	at sun.reflect.NativeConstructorAccessorImpl.newInstance(NativeConstructorAccessorImpl.java:57)
	at sun.reflect.DelegatingConstructorAccessorImpl.newInstance(DelegatingConstructorAccessorImpl.java:45)
	at java.lang.reflect.Constructor.newInstance(Constructor.java:526)
	at org.openqa.selenium.remote.ErrorHandler.createThrowable(ErrorHandler.java:206)
	at org.openqa.selenium.remote.ErrorHandler.throwIfResponseFailed(ErrorHandler.java:158)
	at org.openqa.selenium.remote.RemoteWebDriver.execute(RemoteWebDriver.java:595)
	at org.openqa.selenium.remote.RemoteWebDriver.get(RemoteWebDriver.java:306)
	at org.openqa.selenium.remote.RemoteWebDriver$RemoteNavigation.to(RemoteWebDriver.java:850)
	at componenthelper.NavigationHelper.navigateToWebsite(NavigationHelper.java:8)
	at baseclass.InitializeWebDriver.setUp(InitializeWebDriver.java:40)
	at sun.reflect.NativeMethodAccessorImpl.invoke0(Native Method)
	at sun.reflect.NativeMethodAccessorImpl.invoke(NativeMethodAccessorImpl.java:57)
	at sun.reflect.DelegatingMethodAccessorImpl.invoke(DelegatingMethodAccessorImpl.java:43)
	at java.lang.reflect.Method.invoke(Method.java:606)
	at org.testng.internal.MethodInvocationHelper.invokeMethod(MethodInvocationHelper.java:84)
	at org.testng.internal.Invoker.invokeConfigurationMethod(Invoker.java:564)
	at org.testng.internal.Invoker.invokeConfigurations(Invoker.java:213)
	at org.testng.internal.Invoker.invokeConfigurations(Invoker.java:138)
	at org.testng.TestRunner.beforeRun(TestRunner.java:641)
	at org.testng.TestRunner.run(TestRunner.java:609)
	at org.testng.SuiteRunner.runTest(SuiteRunner.java:334)
	at org.testng.SuiteRunner.runSequentially(SuiteRunner.java:329)
	at org.testng.SuiteRunner.privateRun(SuiteRunner.java:291)
	at org.testng.SuiteRunner.run(SuiteRunner.java:240)
	at org.testng.SuiteRunnerWorker.runSuite(SuiteRunnerWorker.java:52)
	at org.testng.SuiteRunnerWorker.run(SuiteRunnerWorker.java:86)
	at org.testng.TestNG.runSuitesSequentially(TestNG.java:1224)
	at org.testng.TestNG.runSuitesLocally(TestNG.java:1149)
	at org.testng.TestNG.run(TestNG.java:1057)
	at org.testng.remote.RemoteTestNG.run(RemoteTestNG.java:111)
	at org.testng.remote.RemoteTestNG.initAndRun(RemoteTestNG.java:204)
	at org.testng.remote.RemoteTestNG.main(RemoteTestNG.java:175)
Caused by: org.openqa.selenium.TimeoutException: Timed out waiting for page load.
Build info: version: '2.47.1', revision: '411b314', time: '2015-07-30 03:03:16'
System info: host: 'LT-RSR28', ip: '10.61.16.18', os.name: 'Windows 8.1', os.arch: 'amd64', os.version: '6.3', java.version: '1.7.0_75'
Driver info: driver.version: unknown
	at <anonymous class>.Utils.initWebLoadingListener/<(file:///C:/Users/rsr/AppData/Local/Temp/anonymous1111808509156303006webdriver-profile/extensions/fxdriver@googlecode.com/components/driver-component.js:8993)
	at <anonymous class>.WebLoadingListener/e(file:///C:/Users/rsr/AppData/Local/Temp/anonymous1111808509156303006webdriver-profile/extensions/fxdriver@googlecode.com/components/driver-component.js:5076)
	at <anonymous class>.WebLoadingListener/<(file:///C:/Users/rsr/AppData/Local/Temp/anonymous1111808509156303006webdriver-profile/extensions/fxdriver@googlecode.com/components/driver-component.js:5084)
	at <anonymous class>.fxdriver.Timer.prototype.setTimeout/<.notify(file:///C:/Users/rsr/AppData/Local/Temp/anonymous1111808509156303006webdriver-profile/extensions/fxdriver@googlecode.com/components/driver-component.js:623)
]]>
            </full-stacktrace>
          </exception> <!-- org.openqa.selenium.TimeoutException -->
          <reporter-output>
          </reporter-output>
        </test-method> <!-- setUp -->
        <test-method status="SKIP" signature="TestActivityIncentiveTemp()[pri:0, instance:testcases.module.incentiveprogm.TestActivityIncentiveTemplate@2686a13f]" name="TestActivityIncentiveTemp" duration-ms="1" started-at="2015-10-03T21:09:13Z" finished-at="2015-10-03T21:09:13Z">
          <reporter-output>
          </reporter-output>
        </test-method> <!-- TestActivityIncentiveTemp -->
        <test-method status="PASS" signature="tearDown()[pri:0, instance:testcases.module.incentiveprogm.TestActivityIncentiveTemplate@2686a13f]" name="tearDown" is-config="true" duration-ms="613" started-at="2015-10-03T21:09:13Z" finished-at="2015-10-03T21:09:13Z">
          <reporter-output>
          </reporter-output>
        </test-method> <!-- tearDown -->
      </class> <!-- testcases.module.incentiveprogm.TestActivityIncentiveTemplate -->
      <class name="testcases.module.incentiveprogm.TestIncentiveProgram">
        <test-method status="SKIP" signature="TestColumnOptions()[pri:0, instance:testcases.module.incentiveprogm.TestIncentiveProgram@78657ce]" name="TestColumnOptions" duration-ms="5" started-at="2015-10-03T21:09:13Z" finished-at="2015-10-03T21:09:13Z">
          <reporter-output>
          </reporter-output>
        </test-method> <!-- TestColumnOptions -->
      </class> <!-- testcases.module.incentiveprogm.TestIncentiveProgram -->
    </test> <!-- Bugzila Suite -->
  </suite> <!-- Webdriver -->
</testng-results>
